=/pretest.json
{
  _: [],
  f: [
    '/home/runner/work/exp-controllability-and-observability-of-inverted-pendulum-on-cart-iitkgp/exp-controllability-and-observability-of-inverted-pendulum-on-cart-iitkgp/experiment/pretest.json'
  ],
  files: [
    '/home/runner/work/exp-controllability-and-observability-of-inverted-pendulum-on-cart-iitkgp/exp-controllability-and-observability-of-inverted-pendulum-on-cart-iitkgp/experiment/pretest.json'
  ],
  c: 'assessment',
  contentTypes: 'assessment',
  'content-types': 'assessment',
  '$0': 'validate'
}
Validated true
=/posttest.json
{
  _: [],
  f: [
    '/home/runner/work/exp-controllability-and-observability-of-inverted-pendulum-on-cart-iitkgp/exp-controllability-and-observability-of-inverted-pendulum-on-cart-iitkgp/experiment/posttest.json'
  ],
  files: [
    '/home/runner/work/exp-controllability-and-observability-of-inverted-pendulum-on-cart-iitkgp/exp-controllability-and-observability-of-inverted-pendulum-on-cart-iitkgp/experiment/posttest.json'
  ],
  c: 'assessment',
  contentTypes: 'assessment',
  'content-types': 'assessment',
  '$0': 'validate'
}
Validated true
